<?xml version="1.0" encoding="UTF-8"?>
<!-- Generated by org.testng.reporters.JUnitReportReporter -->
<testsuite skipped="0" hostname="HP" name="com.w2a.APITestingFramework.testcases.paypal.CreateOrderTest" tests="1" failures="0" timestamp="04 Jul 2020 13:30:09 GMT" time="13.656" errors="0">
  <testcase name="createOrder" time="13.656" classname="com.w2a.APITestingFramework.testcases.paypal.CreateOrderTest"/>
</testsuite> <!-- com.w2a.APITestingFramework.testcases.paypal.CreateOrderTest -->
