<?xml version="1.0" encoding="UTF-8"?>
<!-- Generated by org.testng.reporters.JUnitReportReporter -->
<testsuite skipped="0" hostname="HP" name="com.w2a.APITestingFramework.testcases.paypal.GetOrderTest" tests="1" failures="0" timestamp="04 Jul 2020 13:30:09 GMT" time="3.281" errors="0">
  <testcase name="getOrder" time="3.281" classname="com.w2a.APITestingFramework.testcases.paypal.GetOrderTest"/>
</testsuite> <!-- com.w2a.APITestingFramework.testcases.paypal.GetOrderTest -->
